[0m[[0m[0mdebug[0m] [0m[0m> Exec(run, Some(9b656fd3-e5d7-4ebc-8c1a-2953bbb1fdf1), Some(CommandSource(console0)))[0m
[0m[[0m[0mdebug[0m] [0m[0mEvaluating tasks: Compile / run[0m
[0m[[0m[0mdebug[0m] [0m[0mRunning task... Cancel: Signal, check cycles: false, forcegc: true[0m
[0m[[0m[0minfo[0m] [0m[0mcompiling 4 Scala sources to /home/gab/teste/WebScraper/target/scala-2.13/classes ...[0m
[0m[[0m[33mwarn[0m] [0m[0m1 deprecation (since 2.13.0); re-run with -deprecation for details[0m
[0m[[0m[33mwarn[0m] [0m[0mone warning found[0m
[0m[[0m[31merror[0m] [0m[0mjava.util.concurrent.TimeoutException: Future timed out after [10 seconds][0m
[0m[[0m[31merror[0m] [0m[0m	at scala.concurrent.impl.Promise$DefaultPromise.tryAwait0(Promise.scala:248)[0m
[0m[[0m[31merror[0m] [0m[0m	at scala.concurrent.impl.Promise$DefaultPromise.result(Promise.scala:261)[0m
[0m[[0m[31merror[0m] [0m[0m	at scala.concurrent.Await$.$anonfun$result$1(package.scala:201)[0m
[0m[[0m[31merror[0m] [0m[0m	at scala.concurrent.BlockContext$DefaultBlockContext$.blockOn(BlockContext.scala:62)[0m
[0m[[0m[31merror[0m] [0m[0m	at scala.concurrent.Await$.result(package.scala:124)[0m
[0m[[0m[31merror[0m] [0m[0m	at Main$.main(Main.scala:34)[0m
[0m[[0m[31merror[0m] [0m[0m	at Main.main(Main.scala)[0m
[0m[[0m[31merror[0m] [0m[0m	at java.base/jdk.internal.reflect.NativeMethodAccessorImpl.invoke0(Native Method)[0m
[0m[[0m[31merror[0m] [0m[0m	at java.base/jdk.internal.reflect.NativeMethodAccessorImpl.invoke(NativeMethodAccessorImpl.java:62)[0m
[0m[[0m[31merror[0m] [0m[0m	at java.base/jdk.internal.reflect.DelegatingMethodAccessorImpl.invoke(DelegatingMethodAccessorImpl.java:43)[0m
[0m[[0m[31merror[0m] [0m[0m	at java.base/java.lang.reflect.Method.invoke(Method.java:566)[0m
[0m[[0m[31merror[0m] [0m[0m	at sbt.Run.invokeMain(Run.scala:143)[0m
[0m[[0m[31merror[0m] [0m[0m	at sbt.Run.execute$1(Run.scala:93)[0m
[0m[[0m[31merror[0m] [0m[0m	at sbt.Run.$anonfun$runWithLoader$5(Run.scala:120)[0m
[0m[[0m[31merror[0m] [0m[0m	at sbt.Run$.executeSuccess(Run.scala:186)[0m
[0m[[0m[31merror[0m] [0m[0m	at sbt.Run.runWithLoader(Run.scala:120)[0m
[0m[[0m[31merror[0m] [0m[0m	at sbt.Defaults$.$anonfun$bgRunTask$6(Defaults.scala:1980)[0m
[0m[[0m[31merror[0m] [0m[0m	at sbt.Defaults$.$anonfun$termWrapper$2(Defaults.scala:1919)[0m
[0m[[0m[31merror[0m] [0m[0m	at scala.runtime.java8.JFunction0$mcV$sp.apply(JFunction0$mcV$sp.java:23)[0m
[0m[[0m[31merror[0m] [0m[0m	at scala.util.Try$.apply(Try.scala:213)[0m
[0m[[0m[31merror[0m] [0m[0m	at sbt.internal.BackgroundThreadPool$BackgroundRunnable.run(DefaultBackgroundJobService.scala:366)[0m
[0m[[0m[31merror[0m] [0m[0m	at java.base/java.util.concurrent.ThreadPoolExecutor.runWorker(ThreadPoolExecutor.java:1128)[0m
[0m[[0m[31merror[0m] [0m[0m	at java.base/java.util.concurrent.ThreadPoolExecutor$Worker.run(ThreadPoolExecutor.java:628)[0m
[0m[[0m[31merror[0m] [0m[0m	at java.base/java.lang.Thread.run(Thread.java:829)[0m
[0m[[0m[31merror[0m] [0m[0m(Compile / [31mrun[0m) java.util.concurrent.TimeoutException: Future timed out after [10 seconds][0m
[0m[[0m[31merror[0m] [0m[0mTotal time: 18 s, completed 6 de jun de 2023 21:38:44[0m
[0m[[0m[0mdebug[0m] [0m[0m> Exec(shell, None, None)[0m
