[0m[[0m[0mdebug[0m] [0m[0m> Exec(run, Some(d8dcb92e-a07f-487a-878e-046518464491), Some(CommandSource(console0)))[0m
[0m[[0m[0mdebug[0m] [0m[0mEvaluating tasks: Compile / run[0m
[0m[[0m[0mdebug[0m] [0m[0mRunning task... Cancel: Signal, check cycles: false, forcegc: true[0m
[0m[[0m[0minfo[0m] [0m[0mcompiling 2 Scala sources to /home/gab/teste/WebScraper/target/scala-2.13/classes ...[0m
[0m[[0m[31merror[0m] [0m[0m/home/gab/teste/WebScraper/src/main/scala/ScrapIMDB.scala:33:38: value par is not a member of List[String][0m
[0m[[0m[31merror[0m] [0m[0mdid you mean map, max, or span?[0m
[0m[[0m[31merror[0m] [0m[0m    val extractedDataFutures = links.par.map { link =>[0m
[0m[[0m[31merror[0m] [0m[0m                                     ^[0m
[0m[[0m[31merror[0m] [0m[0m/home/gab/teste/WebScraper/src/main/scala/ScrapIMDB.scala:47:25: not found: value Await[0m
[0m[[0m[31merror[0m] [0m[0m    val extractedData = Await.result(extractedDataFuture, 90.seconds)[0m
[0m[[0m[31merror[0m] [0m[0m                        ^[0m
[0m[[0m[31merror[0m] [0m[0m/home/gab/teste/WebScraper/src/main/scala/ScrapIMDB.scala:47:62: value seconds is not a member of Int[0m
[0m[[0m[31merror[0m] [0m[0m    val extractedData = Await.result(extractedDataFuture, 90.seconds)[0m
[0m[[0m[31merror[0m] [0m[0m                                                             ^[0m
[0m[[0m[31merror[0m] [0m[0m/home/gab/teste/WebScraper/src/main/scala/ScrapIMDB.scala:80:38: value par is not a member of List[String][0m
[0m[[0m[31merror[0m] [0m[0mdid you mean map, max, or span?[0m
[0m[[0m[31merror[0m] [0m[0m    val extractedDataFutures = links.par.map { link =>[0m
[0m[[0m[31merror[0m] [0m[0m                                     ^[0m
[0m[[0m[31merror[0m] [0m[0m/home/gab/teste/WebScraper/src/main/scala/ScrapIMDB.scala:95:25: not found: value Await[0m
[0m[[0m[31merror[0m] [0m[0m    val extractedData = Await.result(extractedDataFuture, 90.seconds)[0m
[0m[[0m[31merror[0m] [0m[0m                        ^[0m
[0m[[0m[31merror[0m] [0m[0m/home/gab/teste/WebScraper/src/main/scala/ScrapIMDB.scala:95:62: value seconds is not a member of Int[0m
[0m[[0m[31merror[0m] [0m[0m    val extractedData = Await.result(extractedDataFuture, 90.seconds)[0m
[0m[[0m[31merror[0m] [0m[0m                                                             ^[0m
[0m[[0m[31merror[0m] [0m[0m6 errors found[0m
[0m[[0m[31merror[0m] [0m[0m(Compile / [31mcompileIncremental[0m) Compilation failed[0m
[0m[[0m[31merror[0m] [0m[0mTotal time: 0 s, completed 6 de jun de 2023 22:10:35[0m
[0m[[0m[0mdebug[0m] [0m[0m> Exec(shell, None, None)[0m
